<?xml version="1.0" encoding="UTF-8"?>
<!-- Generated by org.testng.reporters.JUnitXMLReporter -->
<testsuite ignored="0" hostname="DESKTOP-3RU6S7A" failures="0" tests="6" name="Module1" time="206.046" errors="0" timestamp="2023-04-11T22:16:19 IST">
  <testcase classname="selenium_Module1.Assignment1" name="pageNavigation" time="59.356"/>
  <testcase classname="selenium_Module1.Assignment1" name="verifyAmazonHomePage" time="20.892"/>
  <testcase classname="selenium_Module1.Assignment1" name="verifyFbHomePage" time="11.467"/>
  <testcase classname="selenium_Module1.Assignment2" name="countryDropDown" time="19.009"/>
  <testcase classname="selenium_Module1.Assignment2" name="findCheckboxes" time="21.453"/>
  <testcase classname="selenium_Module1.Assignment2" name="findOption" time="16.526"/>
</testsuite> <!-- Module1 -->
