<?xml version="1.0" encoding="UTF-8"?>
<!-- Generated by org.testng.reporters.JUnitXMLReporter -->
<testsuite ignored="0" hostname="DESKTOP-3RU6S7A" failures="0" tests="3" name="Module1" time="26.795" errors="0" timestamp="2023-04-11T19:38:36 IST">
  <testcase classname="selenium_Module1.Assignment2" name="countryDropDown" time="6.018"/>
  <testcase classname="selenium_Module1.Assignment2" name="findCheckboxes" time="4.871"/>
  <testcase classname="selenium_Module1.Assignment2" name="findOption" time="4.178"/>
</testsuite> <!-- Module1 -->
